<?xml version="1.0" encoding="UTF-8"?>
<!-- Generated by org.testng.reporters.JUnitXMLReporter -->
<testsuite ignored="0" hostname="thu-alkfl" failures="0" tests="5" name="Default test" time="11.735" errors="0" timestamp="٢٠٢٥-٠٤-١٦T٢١:٥٢:٢٠ EET">
  <testcase classname="FirstClass" name="login" time="3.183"/>
  <testcase classname="FirstClass" name="addAllItemsToTheCart" time="0.188"/>
  <testcase classname="FirstClass" name="removeAllItemsFromTheCart" time="3.181"/>
  <testcase classname="FirstClass" name="getFirstLetterOfEachItem" time="0.049"/>
  <testcase classname="FirstClass" name="logout" time="4.117"/>
</testsuite> <!-- Default test -->
